<?xml version="1.0" encoding="UTF-8"?>
<testsuites name="jest tests" tests="1" failures="1" time="8.952">
  <testsuite name="Home test" errors="0" failures="1" skipped="0" timestamp="2019-08-05T13:54:44" time="3.748" tests="1">
    <testcase classname="Home test encountered a declaration exception" name="Home test encountered a declaration exception" time="0.016">
      <failure>TypeError: Cannot read property &apos;use_env_variable&apos; of undefined
    at Object.use_env_variable (/c/Users/ddts_220606/Source/Repos/mine-support-payment-service/server/models/index.js:12:12)
    at Runtime._execModule (/c/Users/ddts_220606/Source/Repos/mine-support-payment-service/node_modules/jest-runtime/build/index.js:888:13)
    at Runtime._loadModule (/c/Users/ddts_220606/Source/Repos/mine-support-payment-service/node_modules/jest-runtime/build/index.js:577:12)
    at Runtime.requireModule (/c/Users/ddts_220606/Source/Repos/mine-support-payment-service/node_modules/jest-runtime/build/index.js:433:10)
    at Runtime.requireModuleOrMock (/c/Users/ddts_220606/Source/Repos/mine-support-payment-service/node_modules/jest-runtime/build/index.js:598:21)
    at Object.require (/c/Users/ddts_220606/Source/Repos/mine-support-payment-service/server/repository/schedule-repository.js:1:12)
    at Runtime._execModule (/c/Users/ddts_220606/Source/Repos/mine-support-payment-service/node_modules/jest-runtime/build/index.js:888:13)
    at Runtime._loadModule (/c/Users/ddts_220606/Source/Repos/mine-support-payment-service/node_modules/jest-runtime/build/index.js:577:12)
    at Runtime.requireModule (/c/Users/ddts_220606/Source/Repos/mine-support-payment-service/node_modules/jest-runtime/build/index.js:433:10)
    at Runtime.requireModuleOrMock (/c/Users/ddts_220606/Source/Repos/mine-support-payment-service/node_modules/jest-runtime/build/index.js:598:21)
    at Object.require (/c/Users/ddts_220606/Source/Repos/mine-support-payment-service/server/services/schedule-service.js:1:28)
    at Runtime._execModule (/c/Users/ddts_220606/Source/Repos/mine-support-payment-service/node_modules/jest-runtime/build/index.js:888:13)
    at Runtime._loadModule (/c/Users/ddts_220606/Source/Repos/mine-support-payment-service/node_modules/jest-runtime/build/index.js:577:12)
    at Runtime.requireModule (/c/Users/ddts_220606/Source/Repos/mine-support-payment-service/node_modules/jest-runtime/build/index.js:433:10)
    at Runtime.requireModuleOrMock (/c/Users/ddts_220606/Source/Repos/mine-support-payment-service/node_modules/jest-runtime/build/index.js:598:21)
    at Object.require (/c/Users/ddts_220606/Source/Repos/mine-support-payment-service/server/services/message-service.js:3:25)
    at Runtime._execModule (/c/Users/ddts_220606/Source/Repos/mine-support-payment-service/node_modules/jest-runtime/build/index.js:888:13)
    at Runtime._loadModule (/c/Users/ddts_220606/Source/Repos/mine-support-payment-service/node_modules/jest-runtime/build/index.js:577:12)
    at Runtime.requireModule (/c/Users/ddts_220606/Source/Repos/mine-support-payment-service/node_modules/jest-runtime/build/index.js:433:10)
    at Runtime.requireModuleOrMock (/c/Users/ddts_220606/Source/Repos/mine-support-payment-service/node_modules/jest-runtime/build/index.js:598:21)
    at Object.require (/c/Users/ddts_220606/Source/Repos/mine-support-payment-service/server/index.js:3:24)
    at Runtime._execModule (/c/Users/ddts_220606/Source/Repos/mine-support-payment-service/node_modules/jest-runtime/build/index.js:888:13)</failure>
    </testcase>
  </testsuite>
</testsuites>